<?xml version="1.0" encoding="UTF-8"?>
<!-- Generated by org.testng.reporters.JUnitReportReporter -->
<testsuite hostname="LAPTOP-81JQ7PQ9" failures="0" tests="1" name="CodingRound_SDET.Movie_Pushpa" time="31.232" errors="0" timestamp="22 Jul 2022 11:02:29 GMT">
  <testcase classname="CodingRound_SDET.Movie_Pushpa" name="startUp" time="31.232"/>
</testsuite> <!-- CodingRound_SDET.Movie_Pushpa -->
